build/app/intermediates/manifest_merge_blame_file/debug/manifest-merger-blame-debug-report.txt
1<?xml version="1.0" encoding="utf-8"?>
2<manifest xmlns:android="http://schemas.android.com/apk/res/android"
3    package="com.example.comb"
4    android:versionCode="1"
5    android:versionName="1.0.0" >
6
7    <uses-sdk
8        android:minSdkVersion="21"
9        android:targetSdkVersion="33" />
10    <!--
11         The INTERNET permission is required for development. Specifically,
12         the Flutter tool needs it to communicate with the running application
13         to allow setting breakpoints, to provide hot reload, etc.
14    -->
15    <uses-permission android:name="android.permission.INTERNET" />
15-->src/debug/AndroidManifest.xml:6:5-66
15-->src/debug/AndroidManifest.xml:6:22-64
16    <!--
17     Required to query activities that can process text, see:
18         https://developer.android.com/training/package-visibility?hl=en and
19         https://developer.android.com/reference/android/content/Intent#ACTION_PROCESS_TEXT.
20
21         In particular, this is used by the Flutter engine in io.flutter.plugin.text.ProcessTextPlugin.
22    -->
23    <queries>
23-->src/main/AndroidManifest.xml:38:5-43:15
24        <intent>
24-->src/main/AndroidManifest.xml:39:9-42:18
25            <action android:name="android.intent.action.PROCESS_TEXT" />
25-->src/main/AndroidManifest.xml:40:13-72
25-->src/main/AndroidManifest.xml:40:21-70
26
27            <data android:mimeType="text/plain" />
27-->src/main/AndroidManifest.xml:41:13-50
27-->src/main/AndroidManifest.xml:41:19-48
28        </intent>
29        <intent>
29-->[:flutter_inappwebview_android] AndroidManifest.xml:10:9-12:18
30            <action android:name="android.support.customtabs.action.CustomTabsService" />
30-->[:flutter_inappwebview_android] AndroidManifest.xml:11:13-90
30-->[:flutter_inappwebview_android] AndroidManifest.xml:11:21-87
31        </intent>
32    </queries>
33
34    <uses-permission android:name="android.permission.CAMERA" />
34-->[:camera_android] AndroidManifest.xml:9:5-65
34-->[:camera_android] AndroidManifest.xml:9:22-62
35    <uses-permission android:name="android.permission.RECORD_AUDIO" />
35-->[:camera_android] AndroidManifest.xml:10:5-71
35-->[:camera_android] AndroidManifest.xml:10:22-68
36    <uses-permission android:name="android.permission.ACCESS_NETWORK_STATE" />
36-->[com.google.android.exoplayer:exoplayer-core:2.18.7] AndroidManifest.xml:24:5-79
36-->[com.google.android.exoplayer:exoplayer-core:2.18.7] AndroidManifest.xml:24:22-76
37
38    <permission
38-->[androidx.core:core:1.10.1] AndroidManifest.xml:22:5-24:47
39        android:name="com.example.comb.DYNAMIC_RECEIVER_NOT_EXPORTED_PERMISSION"
39-->[androidx.core:core:1.10.1] AndroidManifest.xml:23:9-81
40        android:protectionLevel="signature" />
40-->[androidx.core:core:1.10.1] AndroidManifest.xml:24:9-44
41
42    <uses-permission android:name="com.example.comb.DYNAMIC_RECEIVER_NOT_EXPORTED_PERMISSION" />
42-->[androidx.core:core:1.10.1] AndroidManifest.xml:26:5-97
42-->[androidx.core:core:1.10.1] AndroidManifest.xml:26:22-94
43
44    <application
45        android:name="android.app.Application"
46        android:appComponentFactory="androidx.core.app.CoreComponentFactory"
46-->[androidx.core:core:1.10.1] AndroidManifest.xml:28:18-86
47        android:debuggable="true"
48        android:icon="@mipmap/ic_launcher"
49        android:label="comb" >
50        <activity
51            android:name="com.example.comb.MainActivity"
52            android:configChanges="orientation|keyboardHidden|keyboard|screenSize|smallestScreenSize|locale|layoutDirection|fontScale|screenLayout|density|uiMode"
53            android:exported="true"
54            android:hardwareAccelerated="true"
55            android:launchMode="singleTop"
56            android:theme="@style/LaunchTheme"
57            android:windowSoftInputMode="adjustResize" >
58
59            <!--
60                 Specifies an Android theme to apply to this Activity as soon as
61                 the Android process has started. This theme is visible to the user
62                 while the Flutter UI initializes. After that, this theme continues
63                 to determine the Window background behind the Flutter UI.
64            -->
65            <meta-data
66                android:name="io.flutter.embedding.android.NormalTheme"
67                android:resource="@style/NormalTheme" />
68
69            <intent-filter>
70                <action android:name="android.intent.action.MAIN" />
71
72                <category android:name="android.intent.category.LAUNCHER" />
73            </intent-filter>
74        </activity>
75        <!--
76             Don't delete the meta-data below.
77             This is used by the Flutter tool to generate GeneratedPluginRegistrant.java
78        -->
79        <meta-data
80            android:name="flutterEmbedding"
81            android:value="2" />
82
83        <activity
83-->[:flutter_inappwebview_android] AndroidManifest.xml:16:9-20:47
84            android:name="com.pichillilorenzo.flutter_inappwebview_android.in_app_browser.InAppBrowserActivity"
84-->[:flutter_inappwebview_android] AndroidManifest.xml:17:13-112
85            android:configChanges="orientation|keyboardHidden|keyboard|screenSize|locale|layoutDirection|fontScale|screenLayout|density"
85-->[:flutter_inappwebview_android] AndroidManifest.xml:18:13-137
86            android:exported="false"
86-->[:flutter_inappwebview_android] AndroidManifest.xml:19:13-37
87            android:theme="@style/AppTheme" />
87-->[:flutter_inappwebview_android] AndroidManifest.xml:20:13-44
88        <activity
88-->[:flutter_inappwebview_android] AndroidManifest.xml:21:9-24:55
89            android:name="com.pichillilorenzo.flutter_inappwebview_android.chrome_custom_tabs.ChromeCustomTabsActivity"
89-->[:flutter_inappwebview_android] AndroidManifest.xml:22:13-120
90            android:exported="false"
90-->[:flutter_inappwebview_android] AndroidManifest.xml:23:13-37
91            android:theme="@style/ThemeTransparent" />
91-->[:flutter_inappwebview_android] AndroidManifest.xml:24:13-52
92        <activity
92-->[:flutter_inappwebview_android] AndroidManifest.xml:25:9-28:55
93            android:name="com.pichillilorenzo.flutter_inappwebview_android.chrome_custom_tabs.TrustedWebActivity"
93-->[:flutter_inappwebview_android] AndroidManifest.xml:26:13-114
94            android:exported="false"
94-->[:flutter_inappwebview_android] AndroidManifest.xml:27:13-37
95            android:theme="@style/ThemeTransparent" />
95-->[:flutter_inappwebview_android] AndroidManifest.xml:28:13-52
96        <activity
96-->[:flutter_inappwebview_android] AndroidManifest.xml:29:9-33:55
97            android:name="com.pichillilorenzo.flutter_inappwebview_android.chrome_custom_tabs.ChromeCustomTabsActivitySingleInstance"
97-->[:flutter_inappwebview_android] AndroidManifest.xml:30:13-134
98            android:exported="false"
98-->[:flutter_inappwebview_android] AndroidManifest.xml:31:13-37
99            android:launchMode="singleInstance"
99-->[:flutter_inappwebview_android] AndroidManifest.xml:32:13-48
100            android:theme="@style/ThemeTransparent" />
100-->[:flutter_inappwebview_android] AndroidManifest.xml:33:13-52
101        <activity
101-->[:flutter_inappwebview_android] AndroidManifest.xml:34:9-38:55
102            android:name="com.pichillilorenzo.flutter_inappwebview_android.chrome_custom_tabs.TrustedWebActivitySingleInstance"
102-->[:flutter_inappwebview_android] AndroidManifest.xml:35:13-128
103            android:exported="false"
103-->[:flutter_inappwebview_android] AndroidManifest.xml:36:13-37
104            android:launchMode="singleInstance"
104-->[:flutter_inappwebview_android] AndroidManifest.xml:37:13-48
105            android:theme="@style/ThemeTransparent" />
105-->[:flutter_inappwebview_android] AndroidManifest.xml:38:13-52
106
107        <receiver
107-->[:flutter_inappwebview_android] AndroidManifest.xml:40:9-43:40
108            android:name="com.pichillilorenzo.flutter_inappwebview_android.chrome_custom_tabs.ActionBroadcastReceiver"
108-->[:flutter_inappwebview_android] AndroidManifest.xml:41:13-119
109            android:enabled="true"
109-->[:flutter_inappwebview_android] AndroidManifest.xml:42:13-35
110            android:exported="false" />
110-->[:flutter_inappwebview_android] AndroidManifest.xml:43:13-37
111
112        <meta-data
112-->[:flutter_inappwebview_android] AndroidManifest.xml:45:9-47:36
113            android:name="io.flutter.embedded_views_preview"
113-->[:flutter_inappwebview_android] AndroidManifest.xml:46:13-61
114            android:value="true" />
114-->[:flutter_inappwebview_android] AndroidManifest.xml:47:13-33
115
116        <provider
116-->[:image_picker_android] AndroidManifest.xml:11:9-19:20
117            android:name="io.flutter.plugins.imagepicker.ImagePickerFileProvider"
117-->[:image_picker_android] AndroidManifest.xml:12:13-82
118            android:authorities="com.example.comb.flutter.image_provider"
118-->[:image_picker_android] AndroidManifest.xml:13:13-74
119            android:exported="false"
119-->[:image_picker_android] AndroidManifest.xml:14:13-37
120            android:grantUriPermissions="true" >
120-->[:image_picker_android] AndroidManifest.xml:15:13-47
121            <meta-data
121-->[:image_picker_android] AndroidManifest.xml:16:13-18:75
122                android:name="android.support.FILE_PROVIDER_PATHS"
122-->[:image_picker_android] AndroidManifest.xml:17:17-67
123                android:resource="@xml/flutter_image_picker_file_paths" />
123-->[:image_picker_android] AndroidManifest.xml:18:17-72
124        </provider> <!-- Trigger Google Play services to install the backported photo picker module. -->
125        <service
125-->[:image_picker_android] AndroidManifest.xml:21:9-33:19
126            android:name="com.google.android.gms.metadata.ModuleDependencies"
126-->[:image_picker_android] AndroidManifest.xml:22:13-78
127            android:enabled="false"
127-->[:image_picker_android] AndroidManifest.xml:23:13-36
128            android:exported="false" >
128-->[:image_picker_android] AndroidManifest.xml:24:13-37
129            <intent-filter>
129-->[:image_picker_android] AndroidManifest.xml:26:13-28:29
130                <action android:name="com.google.android.gms.metadata.MODULE_DEPENDENCIES" />
130-->[:image_picker_android] AndroidManifest.xml:27:17-94
130-->[:image_picker_android] AndroidManifest.xml:27:25-91
131            </intent-filter>
132
133            <meta-data
133-->[:image_picker_android] AndroidManifest.xml:30:13-32:36
134                android:name="photopicker_activity:0:required"
134-->[:image_picker_android] AndroidManifest.xml:31:17-63
135                android:value="" />
135-->[:image_picker_android] AndroidManifest.xml:32:17-33
136        </service>
137        <!--
138           Declares a provider which allows us to store files to share in
139           '.../caches/share_plus' and grant the receiving action access
140        -->
141        <provider
141-->[:share_plus] AndroidManifest.xml:15:9-23:20
142            android:name="dev.fluttercommunity.plus.share.ShareFileProvider"
142-->[:share_plus] AndroidManifest.xml:16:13-77
143            android:authorities="com.example.comb.flutter.share_provider"
143-->[:share_plus] AndroidManifest.xml:17:13-74
144            android:exported="false"
144-->[:share_plus] AndroidManifest.xml:18:13-37
145            android:grantUriPermissions="true" >
145-->[:share_plus] AndroidManifest.xml:19:13-47
146            <meta-data
146-->[:image_picker_android] AndroidManifest.xml:16:13-18:75
147                android:name="android.support.FILE_PROVIDER_PATHS"
147-->[:image_picker_android] AndroidManifest.xml:17:17-67
148                android:resource="@xml/flutter_share_file_paths" />
148-->[:image_picker_android] AndroidManifest.xml:18:17-72
149        </provider>
150        <!--
151           This manifest declared broadcast receiver allows us to use an explicit
152           Intent when creating a PendingItent to be informed of the user's choice
153        -->
154        <receiver
154-->[:share_plus] AndroidManifest.xml:28:9-34:20
155            android:name="dev.fluttercommunity.plus.share.SharePlusPendingIntent"
155-->[:share_plus] AndroidManifest.xml:29:13-82
156            android:exported="false" >
156-->[:share_plus] AndroidManifest.xml:30:13-37
157            <intent-filter>
157-->[:share_plus] AndroidManifest.xml:31:13-33:29
158                <action android:name="EXTRA_CHOSEN_COMPONENT" />
158-->[:share_plus] AndroidManifest.xml:32:17-65
158-->[:share_plus] AndroidManifest.xml:32:25-62
159            </intent-filter>
160        </receiver>
161
162        <provider
162-->[androidx.emoji2:emoji2:1.2.0] AndroidManifest.xml:24:9-32:20
163            android:name="androidx.startup.InitializationProvider"
163-->[androidx.emoji2:emoji2:1.2.0] AndroidManifest.xml:25:13-67
164            android:authorities="com.example.comb.androidx-startup"
164-->[androidx.emoji2:emoji2:1.2.0] AndroidManifest.xml:26:13-68
165            android:exported="false" >
165-->[androidx.emoji2:emoji2:1.2.0] AndroidManifest.xml:27:13-37
166            <meta-data
166-->[androidx.emoji2:emoji2:1.2.0] AndroidManifest.xml:29:13-31:52
167                android:name="androidx.emoji2.text.EmojiCompatInitializer"
167-->[androidx.emoji2:emoji2:1.2.0] AndroidManifest.xml:30:17-75
168                android:value="androidx.startup" />
168-->[androidx.emoji2:emoji2:1.2.0] AndroidManifest.xml:31:17-49
169            <meta-data
169-->[androidx.lifecycle:lifecycle-process:2.6.1] AndroidManifest.xml:29:13-31:52
170                android:name="androidx.lifecycle.ProcessLifecycleInitializer"
170-->[androidx.lifecycle:lifecycle-process:2.6.1] AndroidManifest.xml:30:17-78
171                android:value="androidx.startup" />
171-->[androidx.lifecycle:lifecycle-process:2.6.1] AndroidManifest.xml:31:17-49
172            <meta-data
172-->[androidx.profileinstaller:profileinstaller:1.3.0] AndroidManifest.xml:29:13-31:52
173                android:name="androidx.profileinstaller.ProfileInstallerInitializer"
173-->[androidx.profileinstaller:profileinstaller:1.3.0] AndroidManifest.xml:30:17-85
174                android:value="androidx.startup" />
174-->[androidx.profileinstaller:profileinstaller:1.3.0] AndroidManifest.xml:31:17-49
175        </provider>
176
177        <uses-library
177-->[androidx.window:window:1.0.0-beta04] AndroidManifest.xml:25:9-27:40
178            android:name="androidx.window.extensions"
178-->[androidx.window:window:1.0.0-beta04] AndroidManifest.xml:26:13-54
179            android:required="false" />
179-->[androidx.window:window:1.0.0-beta04] AndroidManifest.xml:27:13-37
180        <uses-library
180-->[androidx.window:window:1.0.0-beta04] AndroidManifest.xml:28:9-30:40
181            android:name="androidx.window.sidecar"
181-->[androidx.window:window:1.0.0-beta04] AndroidManifest.xml:29:13-51
182            android:required="false" />
182-->[androidx.window:window:1.0.0-beta04] AndroidManifest.xml:30:13-37
183
184        <receiver
184-->[androidx.profileinstaller:profileinstaller:1.3.0] AndroidManifest.xml:34:9-52:20
185            android:name="androidx.profileinstaller.ProfileInstallReceiver"
185-->[androidx.profileinstaller:profileinstaller:1.3.0] AndroidManifest.xml:35:13-76
186            android:directBootAware="false"
186-->[androidx.profileinstaller:profileinstaller:1.3.0] AndroidManifest.xml:36:13-44
187            android:enabled="true"
187-->[androidx.profileinstaller:profileinstaller:1.3.0] AndroidManifest.xml:37:13-35
188            android:exported="true"
188-->[androidx.profileinstaller:profileinstaller:1.3.0] AndroidManifest.xml:38:13-36
189            android:permission="android.permission.DUMP" >
189-->[androidx.profileinstaller:profileinstaller:1.3.0] AndroidManifest.xml:39:13-57
190            <intent-filter>
190-->[androidx.profileinstaller:profileinstaller:1.3.0] AndroidManifest.xml:40:13-42:29
191                <action android:name="androidx.profileinstaller.action.INSTALL_PROFILE" />
191-->[androidx.profileinstaller:profileinstaller:1.3.0] AndroidManifest.xml:41:17-91
191-->[androidx.profileinstaller:profileinstaller:1.3.0] AndroidManifest.xml:41:25-88
192            </intent-filter>
193            <intent-filter>
193-->[androidx.profileinstaller:profileinstaller:1.3.0] AndroidManifest.xml:43:13-45:29
194                <action android:name="androidx.profileinstaller.action.SKIP_FILE" />
194-->[androidx.profileinstaller:profileinstaller:1.3.0] AndroidManifest.xml:44:17-85
194-->[androidx.profileinstaller:profileinstaller:1.3.0] AndroidManifest.xml:44:25-82
195            </intent-filter>
196            <intent-filter>
196-->[androidx.profileinstaller:profileinstaller:1.3.0] AndroidManifest.xml:46:13-48:29
197                <action android:name="androidx.profileinstaller.action.SAVE_PROFILE" />
197-->[androidx.profileinstaller:profileinstaller:1.3.0] AndroidManifest.xml:47:17-88
197-->[androidx.profileinstaller:profileinstaller:1.3.0] AndroidManifest.xml:47:25-85
198            </intent-filter>
199            <intent-filter>
199-->[androidx.profileinstaller:profileinstaller:1.3.0] AndroidManifest.xml:49:13-51:29
200                <action android:name="androidx.profileinstaller.action.BENCHMARK_OPERATION" />
200-->[androidx.profileinstaller:profileinstaller:1.3.0] AndroidManifest.xml:50:17-95
200-->[androidx.profileinstaller:profileinstaller:1.3.0] AndroidManifest.xml:50:25-92
201            </intent-filter>
202        </receiver>
203    </application>
204
205</manifest>